0 verbose cli C:\Program Files\nodejs\node.exe C:\Users\AntoineBILLOTTE\AppData\Roaming\npm\node_modules\npm\bin\npm-cli.js
1 info using npm@11.2.0
2 info using node@v24.13.0
3 silly config load:file:C:\Users\AntoineBILLOTTE\AppData\Roaming\npm\node_modules\npm\npmrc
4 silly config load:file:C:\tmp\MaCave\.npmrc
5 silly config load:file:C:\Users\AntoineBILLOTTE\.npmrc
6 silly config load:file:C:\Users\AntoineBILLOTTE\AppData\Roaming\npm\etc\npmrc
7 verbose title npm install
8 verbose argv "install" "--offline" "false" "--cache" ".\\.npm-cache"
9 verbose logfile logs-max:10 dir:C:\tmp\MaCave\.npm-cache\_logs\2026-05-07T04_34_36_558Z-
10 verbose logfile C:\tmp\MaCave\.npm-cache\_logs\2026-05-07T04_34_36_558Z-debug-0.log
11 silly logfile done cleaning log files
12 silly packumentCache heap:4496293888 maxSize:1124073472 maxEntrySize:562036736
13 silly idealTree buildDeps
14 silly placeDep ROOT backend@ OK for:  want: file:C:\tmp\MaCave\backend
15 silly fetch manifest @fast-csv/parse@^5.0.2
16 silly packumentCache full:https://registry.npmjs.org/@fast-csv%2fparse cache-miss
17 http fetch GET https://registry.npmjs.org/@fast-csv%2fparse attempt 1 failed with ECONNREFUSED
18 http fetch GET https://registry.npmjs.org/@fast-csv%2fparse attempt 2 failed with ECONNREFUSED
19 http fetch GET https://registry.npmjs.org/@fast-csv%2fparse attempt 3 failed with ECONNREFUSED
20 silly fetch manifest better-sqlite3@^11.8.1
21 silly packumentCache full:https://registry.npmjs.org/better-sqlite3 cache-miss
22 http fetch GET https://registry.npmjs.org/better-sqlite3 attempt 1 failed with ECONNREFUSED
23 http fetch GET https://registry.npmjs.org/better-sqlite3 attempt 2 failed with ECONNREFUSED
24 http fetch GET https://registry.npmjs.org/better-sqlite3 attempt 3 failed with ECONNREFUSED
25 silly fetch manifest cors@^2.8.5
26 silly packumentCache full:https://registry.npmjs.org/cors cache-miss
27 http fetch GET https://registry.npmjs.org/cors attempt 1 failed with ECONNREFUSED
28 http fetch GET https://registry.npmjs.org/cors attempt 2 failed with ECONNREFUSED
29 http fetch GET https://registry.npmjs.org/cors attempt 3 failed with ECONNREFUSED
30 silly fetch manifest drizzle-orm@^0.38.4
31 silly packumentCache full:https://registry.npmjs.org/drizzle-orm cache-miss
32 http fetch GET https://registry.npmjs.org/drizzle-orm attempt 1 failed with ECONNREFUSED
33 http fetch GET https://registry.npmjs.org/drizzle-orm attempt 2 failed with ECONNREFUSED
34 http fetch GET https://registry.npmjs.org/drizzle-orm attempt 3 failed with ECONNREFUSED
35 silly fetch manifest express@^4.21.2
36 silly packumentCache full:https://registry.npmjs.org/express cache-miss
37 http fetch GET https://registry.npmjs.org/express attempt 1 failed with ECONNREFUSED
38 http fetch GET https://registry.npmjs.org/express attempt 2 failed with ECONNREFUSED
39 http fetch GET https://registry.npmjs.org/express attempt 3 failed with ECONNREFUSED
40 silly fetch manifest zod@^3.24.1
41 silly packumentCache full:https://registry.npmjs.org/zod cache-miss
42 http fetch GET https://registry.npmjs.org/zod attempt 1 failed with ECONNREFUSED
43 http fetch GET https://registry.npmjs.org/zod attempt 2 failed with ECONNREFUSED
44 http fetch GET https://registry.npmjs.org/zod attempt 3 failed with ECONNREFUSED
45 silly fetch manifest @types/better-sqlite3@^7.6.12
46 silly packumentCache full:https://registry.npmjs.org/@types%2fbetter-sqlite3 cache-miss
47 http fetch GET https://registry.npmjs.org/@types%2fbetter-sqlite3 attempt 1 failed with ECONNREFUSED
48 http fetch GET https://registry.npmjs.org/@types%2fbetter-sqlite3 attempt 2 failed with ECONNREFUSED
49 http fetch GET https://registry.npmjs.org/@types%2fbetter-sqlite3 attempt 3 failed with ECONNREFUSED
50 silly fetch manifest @types/cors@^2.8.17
51 silly packumentCache full:https://registry.npmjs.org/@types%2fcors cache-miss
52 http fetch GET https://registry.npmjs.org/@types%2fcors attempt 1 failed with ECONNREFUSED
53 http fetch GET https://registry.npmjs.org/@types%2fcors attempt 2 failed with ECONNREFUSED
54 http fetch GET https://registry.npmjs.org/@types%2fcors attempt 3 failed with ECONNREFUSED
55 silly fetch manifest @types/express@^5.0.0
56 silly packumentCache full:https://registry.npmjs.org/@types%2fexpress cache-miss
57 http fetch GET https://registry.npmjs.org/@types%2fexpress attempt 1 failed with ECONNREFUSED
58 http fetch GET https://registry.npmjs.org/@types%2fexpress attempt 2 failed with ECONNREFUSED
59 http fetch GET https://registry.npmjs.org/@types%2fexpress attempt 3 failed with ECONNREFUSED
60 silly fetch manifest @types/node@^22.10.2
61 silly packumentCache full:https://registry.npmjs.org/@types%2fnode cache-miss
62 http fetch GET https://registry.npmjs.org/@types%2fnode attempt 1 failed with ECONNREFUSED
63 http fetch GET https://registry.npmjs.org/@types%2fnode attempt 2 failed with ECONNREFUSED
64 http fetch GET https://registry.npmjs.org/@types%2fnode attempt 3 failed with ECONNREFUSED
65 silly fetch manifest tsx@^4.19.2
66 silly packumentCache full:https://registry.npmjs.org/tsx cache-miss
67 http fetch GET https://registry.npmjs.org/tsx attempt 1 failed with ECONNREFUSED
68 http fetch GET https://registry.npmjs.org/tsx attempt 2 failed with ECONNREFUSED
69 http fetch GET https://registry.npmjs.org/tsx attempt 3 failed with ECONNREFUSED
70 silly fetch manifest typescript@^5.7.2
71 silly packumentCache full:https://registry.npmjs.org/typescript cache-miss
72 http fetch GET https://registry.npmjs.org/typescript attempt 1 failed with ECONNREFUSED
73 http fetch GET https://registry.npmjs.org/typescript attempt 2 failed with ECONNREFUSED
74 http fetch GET https://registry.npmjs.org/typescript attempt 3 failed with ECONNREFUSED
75 silly placeDep backend @fast-csv/parse@ OK for: backend want: ^5.0.2
76 silly placeDep backend @types/better-sqlite3@ OK for: backend want: ^7.6.12
77 silly placeDep backend @types/cors@ OK for: backend want: ^2.8.17
78 silly placeDep backend @types/express@ OK for: backend want: ^5.0.0
79 silly placeDep backend @types/node@ OK for: backend want: ^22.10.2
80 silly placeDep backend better-sqlite3@ OK for: backend want: ^11.8.1
81 silly placeDep backend cors@ OK for: backend want: ^2.8.5
82 silly placeDep backend drizzle-orm@ OK for: backend want: ^0.38.4
83 silly placeDep backend express@ OK for: backend want: ^4.21.2
84 silly placeDep backend tsx@ OK for: backend want: ^4.19.2
85 silly placeDep backend typescript@ OK for: backend want: ^5.7.2
86 silly placeDep backend zod@ OK for: backend want: ^3.24.1
87 verbose type system
88 verbose stack FetchError: request to https://registry.npmjs.org/@fast-csv%2fparse failed, reason: connect ECONNREFUSED 127.0.0.1:9
88 verbose stack     at ClientRequest.<anonymous> (C:\Users\AntoineBILLOTTE\AppData\Roaming\npm\node_modules\npm\node_modules\minipass-fetch\lib\index.js:130:14)
88 verbose stack     at ClientRequest.emit (node:events:508:28)
88 verbose stack     at emitErrorEvent (node:_http_client:108:11)
88 verbose stack     at _destroy (node:_http_client:962:9)
88 verbose stack     at onSocketNT (node:_http_client:982:5)
88 verbose stack     at process.processTicksAndRejections (node:internal/process/task_queues:90:21)
89 error code ECONNREFUSED
90 error syscall connect
91 error errno ECONNREFUSED
92 error FetchError: request to https://registry.npmjs.org/@fast-csv%2fparse failed, reason: connect ECONNREFUSED 127.0.0.1:9
92 error     at ClientRequest.<anonymous> (C:\Users\AntoineBILLOTTE\AppData\Roaming\npm\node_modules\npm\node_modules\minipass-fetch\lib\index.js:130:14)
92 error     at ClientRequest.emit (node:events:508:28)
92 error     at emitErrorEvent (node:_http_client:108:11)
92 error     at _destroy (node:_http_client:962:9)
92 error     at onSocketNT (node:_http_client:982:5)
92 error     at process.processTicksAndRejections (node:internal/process/task_queues:90:21) {
92 error   code: 'ECONNREFUSED',
92 error   errno: 'ECONNREFUSED',
92 error   syscall: 'connect',
92 error   address: '127.0.0.1',
92 error   port: 9,
92 error   type: 'system',
92 error   requiredBy: 'backend'
92 error }
93 error
93 error If you are behind a proxy, please make sure that the
93 error 'proxy' config is set properly.  See: 'npm help config'
94 silly unfinished npm timer reify 1778128477276
95 silly unfinished npm timer reify:loadTrees 1778128477277
96 verbose cwd C:\tmp\MaCave
97 verbose os Windows_NT 10.0.26200
98 verbose node v24.13.0
99 verbose npm  v11.2.0
100 verbose exit 1
101 verbose code 1
102 error A complete log of this run can be found in: C:\tmp\MaCave\.npm-cache\_logs\2026-05-07T04_34_36_558Z-debug-0.log
